Log file open, 04/11/15 14:21:27
LogInit:Display: Running engine for game: FreeFlight_GIT
LogInit: Version: 4.7.5-2503383+++depot+UE4-Releases+4.7
LogInit: API Version: 2455222
LogInit: Compiled (64-bit): Apr  6 2015 23:21:51
LogInit: Compiled with Visual C++: 18.00.21005.01
LogInit: Build Configuration: Development
LogInit: Branch Name: ++depot+UE4-Releases+4.7
LogInit: Command line: 
LogInit: Base directory: D:/Epic Games/4.7/Engine/Binaries/Win64/
LogInit: Rocket: 1
[2015.04.11-12.21.27:920][  0]LogTaskGraph: Started task graph with 3 named threads and 6 total threads.
[2015.04.11-12.21.27:985][  0]LogOnline:Warning: No default platform service specified for OnlineSubsystem
[2015.04.11-12.21.28:007][  0]LogInit: Presizing for 0 objects not considered by GC, pre-allocating 0 bytes.
[2015.04.11-12.21.28:017][  0]LogInit: Object subsystem initialized
[2015.04.11-12.21.28:026][  0]LogInit: Selected Device Profile: [Windows]
[2015.04.11-12.21.28:026][  0]LogInit: Applying CVar settings loaded from the selected device profile: [Windows]
[2015.04.11-12.21.28:031][  0]LogInit: Computer: TOBIAS
[2015.04.11-12.21.28:031][  0]LogInit: User: Tobias
[2015.04.11-12.21.28:031][  0]LogInit: CPU Page size=4096, Cores=4
[2015.04.11-12.21.28:031][  0]LogInit: High frequency timer resolution =3.312787 MHz
[2015.04.11-12.21.28:031][  0]LogMemory: Memory total: Physical=8.0GB (8GB approx) Virtual=131072.0GB
[2015.04.11-12.21.28:032][  0]LogMemory: Platform Memory Stats for Windows
[2015.04.11-12.21.28:032][  0]LogMemory: Process Physical Memory: 45.54 MB used, 45.54 MB peak
[2015.04.11-12.21.28:032][  0]LogMemory: Process Virtual Memory: 24.63 MB used, 24.68 MB peak
[2015.04.11-12.21.28:032][  0]LogMemory: Physical Memory: 4502.78 MB used, 8175.24 MB total
[2015.04.11-12.21.28:032][  0]LogMemory: Virtual Memory: 293.17 MB used, 134217728.00 MB total
[2015.04.11-12.21.28:120][  0]LogD3D11RHI: Found D3D11 adapter 0: NVIDIA GeForce GTX 770 (Feature Level 11_0)
[2015.04.11-12.21.28:120][  0]LogD3D11RHI: Adapter has 1985MB of dedicated video memory, 0MB of dedicated system memory, and 2048MB of shared system memory, 2 output[s]
[2015.04.11-12.21.28:122][  0]LogD3D11RHI: Found D3D11 adapter 1: Microsoft Basic Render Driver (Feature Level 11_0)
[2015.04.11-12.21.28:122][  0]LogD3D11RHI: Adapter has 0MB of dedicated video memory, 0MB of dedicated system memory, and 256MB of shared system memory, 0 output[s]
[2015.04.11-12.21.28:122][  0]LogD3D11RHI: Chosen D3D11 Adapter Id = 0
[2015.04.11-12.21.28:127][  0]LogRHI: Texture pool is 1361 MB (70% of 1945 MB)
[2015.04.11-12.21.28:145][  0]LogD3D11RHI: Async texture creation enabled
[2015.04.11-12.21.28:215][  0]LogTextLocalizationManager: The requested culture ('de_DE') has no localization data; falling back to 'en' for localization and internationalization data.
[2015.04.11-12.21.28:296][  0]LogTextLocalizationManager:Warning: Loading localization resources contain conflicting entries for (Namespace:UICommands, Key:Save_ToolTip):
Resource: (D:/Epic Games/4.7/Engine/Content/Localization/Editor/en/Editor.locres) Hash: (-29098895) String: (Saves the current level to disk)
Resource: (D:/Epic Games/4.7/Engine/Content/Localization/Engine/en/Engine.locres) Hash: (-1280300587) String: (Save selected data to vlog file)
[2015.04.11-12.21.28:296][  0]LogTextLocalizationManager:Warning: Loading localization resources contain conflicting entries for (Namespace:ContentBrowser, Key:ImportAssetToolTip):
Resource: (D:/Epic Games/4.7/Engine/Content/Localization/Editor/en/Editor.locres) Hash: (-630476809) String: (Import to {0}...)
Resource: (D:/Epic Games/4.7/Engine/Content/Localization/Editor/en/Editor.locres) Hash: (1271782899) String: (Imports an asset from file to this folder.)
[2015.04.11-12.21.28:373][  0]LogContentStreaming: Texture pool size is 0.000000MB
[2015.04.11-12.21.30:846][  0]LogTargetPlatformManager:Display: Building Assets For Windows
[2015.04.11-12.21.31:630][  0]LogTargetPlatformManager:Display: Building Assets For Windows
[2015.04.11-12.21.31:727][  0]LogDerivedDataCache:Display: Max Cache Size: 512 MB
[2015.04.11-12.21.31:764][  0]LogDerivedDataCache: Loaded boot cache 0.04s 39MB C:/Users/Tobias/AppData/Local/UnrealEngine/4.7/DerivedDataCache/Boot.ddc.
[2015.04.11-12.21.31:764][  0]LogDerivedDataCache:Display: Loaded Boot cache: C:/Users/Tobias/AppData/Local/UnrealEngine/4.7/DerivedDataCache/Boot.ddc
[2015.04.11-12.21.31:764][  0]LogDerivedDataCache: FDerivedDataBackendGraph:  Pak pak cache file ../../../../../FreeFlight_GIT/DerivedDataCache/DDC.ddp not found, will not use a pak cache.
[2015.04.11-12.21.31:764][  0]LogDerivedDataCache: Unable to find inner node Pak for hierarchical cache Hierarchy.
[2015.04.11-12.21.31:880][  0]LogDerivedDataCache:Display: Pak cache opened for reading ../../../Engine/DerivedDataCache/Compressed.ddp.
[2015.04.11-12.21.31:893][  0]LogDerivedDataCache: Using Local data cache path C:/Users/Tobias/AppData/Local/UnrealEngine/Common/DerivedDataCache: Writable
[2015.04.11-12.21.32:221][  0]LogMeshUtilities: No automatic mesh reduction module available
[2015.04.11-12.21.32:221][  0]LogMeshUtilities: No automatic mesh merging module available
[2015.04.11-12.21.32:661][  0]LogInit: WinSock: version 1.1 (2.2), MaxSocks=32767, MaxUdp=65467
[2015.04.11-12.21.32:788][  0]LogSlate:Warning: Failed to load font data from '../../../Engine/Content/Slate/Fonts/Roboto-Italic.ttf'
[2015.04.11-12.21.34:052][  0]UdpMessaging: Initializing bridge on interface 0.0.0.0:0 to multicast group 230.0.0.1:6666.
[2015.04.11-12.21.34:405][  0]SourceControl: Info Source control is disabled
[2015.04.11-12.21.34:405][  0]SourceControl: Info Source control is disabled
[2015.04.11-12.21.34:405][  0]SourceControl: Info Source control is disabled
[2015.04.11-12.21.34:405][  0]LogSourceControl: RunCommandInternalRaw: 'git version'
[2015.04.11-12.21.34:405][  0]LogSourceControl: RunCommandInternalRaw: ExecProcess ReturnCode=2 OutResults=''
[2015.04.11-12.21.34:423][  0]SourceControl: Info Source control is disabled
[2015.04.11-12.21.34:741][  0]LogObj: 24232 objects as part of root set at end of initial load.
[2015.04.11-12.21.34:741][  0]LogUObjectAllocator: 5137176 out of 0 bytes used by permanent object pool.
[2015.04.11-12.21.34:840][  0]LogEngine: Initializing Engine...
[2015.04.11-12.21.37:014][  0]LogInit: XAudio2 using 'Lautsprecher (Sound Blaster Z)' : 6 channels at 48 kHz using 32 bits per sample (channel mask 0x3f)
[2015.04.11-12.21.37:023][  0]LogInit: FAudioDevice initialized.
[2015.04.11-12.21.37:084][  0]LogAIModule: Creating AISystem for world NewWorld
[2015.04.11-12.21.37:104][  0]LogDerivedDataCache: Saved boot cache 0.02s 39MB C:/Users/Tobias/AppData/Local/UnrealEngine/4.7/DerivedDataCache/Boot.ddc.
[2015.04.11-12.21.37:110][  0]LogInit: Texture streaming: Enabled
[2015.04.11-12.21.37:233][  0]LogAnalytics: Creating configured Analytics provider AnalyticsET
[2015.04.11-12.21.37:233][  0]LogAnalytics: ET APIKey = Rocket.Release. APIServer = http://et2.epicgames.com/ET2/. AppVersion = 4.7.5-2503383+++depot+UE4-Releases+4.7
[2015.04.11-12.21.37:233][  0]LogAnalytics: ET APIKey = Rocket.Release. DataRouterUploadURL = https://datarouter-public-service-gamedev.ol.epicgames.net/datarouter/api/v1/public/data. AppVersion = 4.7.5-2503383+++depot+UE4-Releases+4.7
[2015.04.11-12.21.37:233][  0]LogAnalytics: SetUserId 8500d2fb418b531530f14ca6d074b30d|51e2c3cdc4fb433199d4d250b02804bd|4c579ea2-68df-470b-a135-e6f09e790eef
[2015.04.11-12.21.37:234][  0]LogAnalytics: AnalyticsET::StartSession [Rocket.Release]
[2015.04.11-12.21.37:264][  0]LogInit: Transaction tracking system initialized
[2015.04.11-12.21.37:535][  0]BlueprintLog: New page: Editor Load
[2015.04.11-12.21.37:586][  0]LogAssetRegistry: FAssetRegistry took 0.0104 seconds to start up
[2015.04.11-12.21.37:586][  0]LogDirectoryWatcher:Warning: Failed to begin reading directory changes for ../../../Engine/Plugins/Experimental/CharacterAI/Content/. Error: 0
[2015.04.11-12.21.38:410][  0]LogTargetPlatformManager:Display: Building Assets For Windows
[2015.04.11-12.21.38:903][  0]LogTargetP