Log file open, 04/11/15 14:29:12
LogInit:Display: Running engine for game: FreeFlight_GIT
LogInit: Version: 4.7.5-2503383+++depot+UE4-Releases+4.7
LogInit: API Version: 2455222
LogInit: Compiled (64-bit): Apr  6 2015 23:21:51
LogInit: Compiled with Visual C++: 18.00.21005.01
LogInit: Build Configuration: Development
LogInit: Branch Name: ++depot+UE4-Releases+4.7
LogInit: Command line:  
LogInit: Base directory: F:/Program Files/Epic Games/4.7/Engine/Binaries/Win64/
LogInit: Rocket: 1
[2015.04.11-12.29.12:106][  0]LogTaskGraph: Started task graph with 3 named threads and 6 total threads.
[2015.04.11-12.29.12:364][  0]LogOnline:Warning: No default platform service specified for OnlineSubsystem
[2015.04.11-12.29.13:267][  0]LogInit: Presizing for 0 objects not considered by GC, pre-allocating 0 bytes.
[2015.04.11-12.29.14:144][  0]LogInit: Object subsystem initialized
[2015.04.11-12.29.14:915][  0]LogConsoleResponse:Warning: Skipping Unknown console variable: 'TranslucentSortAxis = (X=0.000000,Y=-1.000000,Z=0.000000)'
[2015.04.11-12.29.14:915][  0]LogConsoleResponse:Warning:   Found in ini file 'F:/projects/freeflightproject/Saved/Config/Windows/Engine.ini', in section '[/Script/Engine.RendererSettings]'
[2015.04.11-12.29.14:915][  0]LogConsoleResponse:Warning: Skipping Unknown console variable: 'UIScaleRule = ShortestSide'
[2015.04.11-12.29.14:915][  0]LogConsoleResponse:Warning:   Found in ini file 'F:/projects/freeflightproject/Saved/Config/Windows/Engine.ini', in section '[/Script/Engine.RendererSettings]'
[2015.04.11-12.29.14:915][  0]LogConsoleResponse:Warning: Skipping Unknown console variable: 'UIScaleCurve = (EditorCurveData=(Keys=),ExternalCurve=None)'
[2015.04.11-12.29.14:915][  0]LogConsoleResponse:Warning:   Found in ini file 'F:/projects/freeflightproject/Saved/Config/Windows/Engine.ini', in section '[/Script/Engine.RendererSettings]'
[2015.04.11-12.29.15:259][  0]LogInit: Selected Device Profile: [Windows]
[2015.04.11-12.29.15:259][  0]LogInit: Applying CVar settings loaded from the selected device profile: [Windows]
[2015.04.11-12.29.15:549][  0]LogInit: Computer: MAX-PC
[2015.04.11-12.29.15:549][  0]LogInit: User: Maxi
[2015.04.11-12.29.15:549][  0]LogInit: CPU Page size=4096, Cores=4
[2015.04.11-12.29.15:549][  0]LogInit: High frequency timer resolution =3.225831 MHz
[2015.04.11-12.29.15:573][  0]LogMemory: Memory total: Physical=8.0GB (8GB approx) Virtual=131072.0GB
[2015.04.11-12.29.15:596][  0]LogMemory: Platform Memory Stats for Windows
[2015.04.11-12.29.15:596][  0]LogMemory: Process Physical Memory: 45.43 MB used, 45.43 MB peak
[2015.04.11-12.29.15:596][  0]LogMemory: Process Virtual Memory: 24.47 MB used, 24.47 MB peak
[2015.04.11-12.29.15:596][  0]LogMemory: Physical Memory: 4784.45 MB used, 8153.21 MB total
[2015.04.11-12.29.15:596][  0]LogMemory: Virtual Memory: 288.57 MB used, 134217728.00 MB total
[2015.04.11-12.29.15:923][  0]LogD3D11RHI: Found D3D11 adapter 0: NVIDIA GeForce GTX 970 (Feature Level 11_0)
[2015.04.11-12.29.15:923][  0]LogD3D11RHI: Adapter has 3994MB of dedicated video memory, 0MB of dedicated system memory, and 4076MB of shared system memory, 1 output[s]
[2015.04.11-12.29.15:924][  0]LogD3D11RHI: Found D3D11 adapter 1: Microsoft Basic Render Driver (Feature Level 11_0)
[2015.04.11-12.29.15:924][  0]LogD3D11RHI: Adapter has 0MB of dedicated video memory, 0MB of dedicated system memory, and 256MB of shared system memory, 0 output[s]
[2015.04.11-12.29.15:924][  0]LogD3D11RHI: Chosen D3D11 Adapter Id = 0
[2015.04.11-12.29.15:972][  0]LogRHI: Texture pool is 1361 MB (70% of 1945 MB)
[2015.04.11-12.29.15:997][  0]LogD3D11RHI: Async texture creation enabled
[2015.04.11-12.29.22:737][  0]LogTextLocalizationManager: The requested culture ('en_GB') has no localization data; parent culture's ('en') localization data will be used.
[2015.04.11-12.29.23:502][  0]LogTextLocalizationManager:Warning: Loading localization resources contain conflicting entries for (Namespace:UICommands, Key:Save_ToolTip):
Resource: (F:/Program Files/Epic Games/4.7/Engine/Content/Localization/Editor/en/Editor.locres) Hash: (-29098895) String: (Saves the current level to disk)
Resource: (F:/Program Files/Epic Games/4.7/Engine/Content/Localization/Engine/en/Engine.locres) Hash: (-1280300587) String: (Save selected data to vlog file)
[2015.04.11-12.29.23:645][  0]LogTextLocalizationManager:Warning: Loading localization resources contain conflicting entries for (Namespace:ContentBrowser, Key:ImportAssetToolTip):
Resource: (F:/Program Files/Epic Games/4.7/Engine/Content/Localization/Editor/en/Editor.locres) Hash: (-630476809) String: (Import to {0}...)
Resource: (F:/Program Files/Epic Games/4.7/Engine/Content/Localization/Editor/en/Editor.locres) Hash: (1271782899) String: (Imports an asset from file to this folder.)
[2015.04.11-12.29.23:784][  0]LogContentStreaming: Texture pool size is 0.000000MB
[2015.04.11-12.29.39:873][  0]LogTargetPlatformManager:Display: Building Assets For Windows
[2015.04.11-12.29.42:756][  0]LogTargetPlatformManager:Display: Building Assets For Windows
[2015.04.11-12.29.43:221][  0]LogDerivedDataCache:Display: Max Cache Size: 512 MB
[2015.04.11-12.29.43:399][  0]LogDerivedDataCache: Loaded boot cache 0.18s 39MB C:/Users/Maxi/AppData/Local/UnrealEngine/4.7/DerivedDataCache/Boot.ddc.
[2015.04.11-12.29.43:399][  0]LogDerivedDataCache:Display: Loaded Boot cache: C:/Users/Maxi/AppData/Local/UnrealEngine/4.7/DerivedDataCache/Boot.ddc
[2015.04.11-12.29.43:399][  0]LogDerivedDataCache: FDerivedDataBackendGraph:  Pak pak cache file ../../../../../../projects/freeflightproject/DerivedDataCache/DDC.ddp not found, will not use a pak cache.
[2015.04.11-12.29.43:399][  0]LogDerivedDataCache: Unable to find inner node Pak for hierarchical cache Hierarchy.
[2015.04.11-12.29.43:641][  0]LogDerivedDataCache:Display: Pak cache opened for reading ../../../Engine/DerivedDataCache/Compressed.ddp.
[2015.04.11-12.29.43:653][  0]LogDerivedDataCache: Using Local data cache path C:/Users/Maxi/AppData/Local/UnrealEngine/Common/DerivedDataCache: Writable
[2015.04.11-12.30.12:882][  0]LogMeshUtilities: No automatic mesh reduction module available
[2015.04.11-12.30.12:882][  0]LogMeshUtilities: No automatic mesh merging module available
[2015.04.11-12.30.30:590][  0]LogInit: WinSock: version 1.1 (2.2), MaxSocks=32767, MaxUdp=65467
[2015.04.11-12.30.32:207][  0]LogSlate:Warning: Failed to load font data from '../../../Engine/Content/Slate/Fonts/Roboto-Italic.ttf'
[2015.04.11-12.31.17:675][  0]UdpMessaging: Initializing bridge on interface 0.0.0.0:0 to multicast group 230.0.0.1:6666.
[2015.04.11-12.31.20:443][  0]SourceControl: Info Source control is disabled
[2015.04.11-12.31.20:487][  0]SourceControl: Info Source control is disabled
[2015.04.11-12.31.20:487][  0]SourceControl: Info Source control is disabled
[2015.04.11-12.31.20:487][  0]LogSourceControl: RunCommandInternalRaw: 'git version'
[2015.04.11-12.31.20:487][  0]LogSourceControl: RunCommandInternalRaw: ExecProcess ReturnCode=2 OutResults=''
[2015.04.11-12.31.20:513][  0]SourceControl: Info Source control is disabled
[2015.04.11-12.31.23:309][  0]LogObj: 24232 objects as part of root set at end of initial load.
[2015.04.11-12.31.23:309][  0]LogUObjectAllocator: 5137176 out of 0 bytes used by permanent object pool.
[2015.04.11-12.31.25:161][  0]LogAutomationTest:Warning: Smoke tests took > 1s to run: 1.28s
[2015.04.11-12.31.25:454][  0]LogEngine: Initializing Engine...
[2015.04.11-12.31.28:963][  0]LogInit: XAudio2 using 'Kopfhörer (3- Xonar U7)' : 2 channels at 48 kHz using 16 bits per sample (channel mask 0x3)
[2015.04.11-12.31.29:050][  0]LogInit: FAudioDevice initialized.
[2015.04.11-12.31.31:037][  0]LogAIModule: Creating AISystem for world NewWorld
[2015.04.11-12.31.31:483][  0]LogDerivedDataCache: Saved boot cache 0.02s 39MB C:/Users/Maxi/AppData/Local/UnrealEngine/4.7/DerivedDataCache/Boot.ddc.
[2015.04.11-12.31.31:560][  0]LogInit: Texture streaming: Enabled
[2015.04.11-12.31.32:899][  0]LogAnalytics: Creating configured Analytics provider AnalyticsET
[2015.04.11-12.31.32:899][  0]LogAnalytics: ET APIKey = Rocket.Release. APIServer = http://et2.epicgames.com/ET2/. AppVersion = 4.7.5-2503383+++depot+UE4-Releases+4.7
[2015.04.11-12.31.32:899][  0]LogAnalytics: ET APIKey = Rocket.Release. DataRouterUploadURL = https://datarouter-public-service-gamedev.ol.epicgames.net/datarouter/api/v1/public/data. AppVersion = 4.7.5-2503383+++depot+UE4-Releases+4.7
[2015.04.11-12.31.32:899][  0]LogAnalytics: SetUserId 06d24cba49593aa01d787c853eda5825|2a24f47fd65c46d6a24222174b3ffc89|59bcde3c-5ed8-430b-bbbe-aec344c5d3d7
[2015.04.11-12.31.32:956][  0]LogAnalytics: AnalyticsET::StartSession [Rocket.Release]
[2015.04.11-12.31.33:731][  0]LogInit: Transaction tracking system initialized
[2015.04.11-12.31.38:382][  0]BlueprintLog: New page: Editor Load
[2015.04.11-12.31.38:814][  0]LogAssetRegistry: FAssetRegistry took 0.0883 seconds to start up
[2015.04.11-12.31.38:862][  0]LogDirectoryWatcher:Warning: Failed to begin reading directory changes for ../../../Engine/Plugins/Experimental/CharacterAI/Content/. Error: 0
[2015.04.11-12.31.46:371][  0]LogTargetPlatformManager:Display: Building Assets For Windows
[2015.04.11-12.31.46:898][  0]LogTargetPlatformManager:Display: Building Assets For Windows
[2015.04.11-12.31.53:725][  0]LogSlate:Warning: Failed to load font data from '../../../Engine/Content/Editor/Slate/Fonts/Roboto-Regular.ttf'
[2015.04.11-12.31.53:736][  0]LogSlate:Warning: Failed to load font data from '../../../Engine/Content/Editor/Slate/Fonts/Roboto-Bold.ttf'
[2015.04.11-12.31.54:151][  0]LogConsoleResponse:Display: 
[2015.04.11-12.31.59:699][  0]LogCook:Display: Done creating registry. It took  0.00s.
[2015.04.11-12.32.06:874][  0]SourceControl: Info Source control is disabled
[2015.04.11-12.32.07:311][  0]Cmd: MAP LOAD FILE="../../../Engine/Content/Maps/Templates/Template_Default.umap" TEMPLATE=1 SHOWPROGRESS=1 FEATURELEVEL=3
[2015.04.11-12.32.07:588][  0]LightingResults: New page: Lighting Build
[2015.04.11-12.32.09:263][  0]MapCheck: New page: Map Check
[2015.04.11-12.32.09:263][  0]LightingResults: New page: Lighting Build
[2015.04.11-12.32.11:438][  0]LogParticles: Destroying 0 GPU particle simulations for FXSystem 0x000000C623CB2980
[2015.04.11-12.32.26:207][  0]LogEditorServer: Finished looking for orphan Actors (0.000 secs)
[2015.04.11-12.32.26:775][  0]LogAIModule: Creating AISystem for world Untitled_1
[2015.04.11-12.32.27:115][  0]Cmd: MAP CHECKDEP
[2015.04.11-12.32.27:160][  0]MapCheck: New page: Untitled_1 - 11 Apr 2015 16:32:27
[2015.04.11-12.32.27:511][  0]MapCheck: Info Map check complete: 0 Error(s), 0 Warning(s), took 394.336ms to complete.
[2015.04.11-12.32.27:539][  0]LogFileHelpers: Loading map 'Template_Default' took 20.425
[2015.04.11-12.32.38:866][  0]LogCollectionManager: Loaded 0 collections in 0.002007 seconds
[2015.04.11-12.32.39:146][  0]LogContentBrowser: Native class hierarchy populated in 0.2589 seconds. Added 1696 classes and 261 folders.
[2015.04.11-12.32.41:542][  0]LogContentBrowser: Native class hierarchy updated for 'SceneOutliner' in 0.0016 seconds. Added 1 classes and 2 folders.
[2015.04.11-12.32.47:568][  0]LogCrashTracker: Crashtracker disabled due to settings.
[2015.04.11-12.32.48:003][  0]LogSlate:Warning: Failed to load font data from 'Veranda'
[2015.04.11-12.32.49:196][  0]LogUObjectGlobals:Warning: Failed to find object 'Class None.'
[2015.04.11-12.32.49:650][  0]LogLoad: Full Startup: 245.36 seconds (BP compile: 3.91 seconds)
[2015.04.11-12.32.59:762][  0]LogRenderer:Warning: Reallocating scene render targets to support 1208x576 (Frame:2).
[2015.04.11-12.33.02:277][  4]LogAssetRegistry: Asset discovery search completed in 83.5523 seconds
[2015.04.11-12.34.47:405][838]Cmd: QUIT_EDITOR
[2015.04.11-12.34.48:484][838]LogExit: Preparing to exit.
[2015.04.11-12.34.50:608][838]LogExit: Editor shut down
[2015.04.11-12.34.50:608][838]LogExit: Transaction tracking system shut down
[2015.04.11-12.34.50:609][838]LogParticles: Destroying 0 GPU particle simulations for FXSystem 0x000000C615672C00
[2015.04.11-12.34.50:609][838]LogParticles: Destroying 0 GPU particle simulations for FXSystem 0x000000C626B69800
[2015.04.11-12.34.55:150][838]LogExit: Object subsystem successfully closed.
[2015.04.11-12.34.57:639][838]LogModuleManager: Shutting down and abandoning module ExternalImagePicker (178)
[2015.04.11-12.34.57:647][838]LogModuleManager: Shutting down and abandoning module CrashTracker (177)
[2015.04.11-12.34.57:647][838]LogModuleManager: Shutting down and abandoning module SuperSearch (176)
[2015.04.11-12.34.57:647][838]LogModuleManager: Shutting down and abandoning module SceneOutliner (175)
[2015.04.11-12.34.57:696][838]LogModuleManager: Shutting down and abandoning module EditorWidgets (174)
[2015.04.11-12.34.57:696][838]LogModuleManager: Shutting down and abandoning module CollectionManager (173)
[2015.04.11-12.34.57:729][838]LogModuleManager: Shutting down and abandoning module StatsViewer (172)
[2015.04.11-12.34.57:847][838]LogModuleManager: Shutting down and abandoning module FoliageEdit (171)
[2015.04.11-12.34.57:847][838]LogModuleManager: Shutting down and abandoning module LandscapeEditor (170)
[2015.04.11-12.34.57:904][838]LogModuleManager: Shutting down and abandoning module MeshPaint (169)
[2015.04.11-12.34.57:914][838]LogModuleManager: Shutting down and abandoning module ActorPickerMode (168)
[2015.04.11-12.34.57:914][838]LogModuleManager: Shutting down and abandoning module GeometryMode (167)
[2015.04.11-12.34.57:914][838]LogModuleManager: Shutting down and abandoning module TextureAlignMode (166)
[2015.04.11-12.34.57:914][838]LogModuleManager: Shutting down and abandoning module BspMode (165)
[2015.04.11-12.34.57:914][838]LogModuleManager: Shutting down and abandoning module PlacementMode (164)
[2015.04.11-12.34.57:914][838]LogModuleManager: Shutting down and abandoning module AutomationWorker (163)
[2015.04.11-12.34.57:914][838]LogModuleManager: Shutting down and abandoning module CharacterAI (162)
[2015.04.11-12.34.57:914][838]LogModuleManager: Shutting down and abandoning module SmartSnapping (161)
[2015.04.11-12.34.57:914][838]LogModuleManager: Shutting down and abandoning module ViewportSnapping (160)
[2015.04.11-12.34.57:914][838]LogModuleManager: Shutting down and abandoning module LogVisualizer (159)
[2015.04.11-12.34.57:961][838]LogModuleManager: Shutting down and abandoning module GameProjectGeneration (158)
[2015.04.11-12.34.57:982][838]LogModuleManager: Shutting down and abandoning module IntroTutorials (157)
[2015.04.11-12.34.58:190][838]LogModuleManager: Shutting down and abandoning module EditorLiveStreaming (156)
[2015.04.11-12.34.58:234][838]LogModuleManager: Shutting down and abandoning module HardwareTargeting (155)
[2015.04.11-12.34.58:234][838]LogModuleManager: Shutting down and abandoning module DeviceProfileEditor (154)
[2015.04.11-12.34.58:259][838]LogModuleManager: Shutting down and abandoning module UndoHistory (153)
[2015.04.11-12.34.58:289][838]LogModuleManager: Shutting down and abandoning module GameplayTagsEditor (152)
[2015.04.11-12.34.58:289][838]LogModuleManager: Shutting down and abandoning module UserFeedback (151)
[2015.04.11-12.34.58:289][838]LogModuleManager: Shutting down and abandoning module XmlParser (150)
[2015.04.11-12.34.58:314][838]LogModuleManager: Shutting down and abandoning module Blutility (149)
[2015.04.11-12.34.58:314][838]LogModuleManager: Shutting down and abandoning module IOSPlatformEditor (148)
[2015.04.11-12.34.58:314][838]LogModuleManager: Shutting down and abandoning module IOSRuntimeSettings (147)
[2015.04.11-12.34.58:314][838]LogModuleManager: Shutting down and abandoning module AndroidDeviceDetection (146)
[2015.04.11-12.34.58:568][838]LogModuleManager: Shutting down and abandoning module AndroidPlatformEditor (145)
[2015.04.11-12.34.58:568][838]LogModuleManager: Shutting down and abandoning module AndroidRuntimeSettings (144)
[2015.04.11-12.34.58:568][838]LogModuleManager: Shutting down and abandoning module ProjectTargetPlatformEditor (143)
[2015.04.11-12.34.58:580][838]LogModuleManager: Shutting down and abandoning module ProjectSettingsViewer (142)
[2015.04.11-12.34.58:580][838]LogModuleManager: Shutting down and abandoning module InputBindingEditor (141)
[2015.04.11-12.34.58:658][838]LogModuleManager: Shutting down and abandoning module EditorSettingsViewer (140)
[2015.04.11-12.34.58:658][838]LogModuleManager: Shutting down and abandoning module SettingsEditor (139)
[2015.04.11-12.34.58:658][838]LogModuleManager: Shutting down and abandoning module ProjectLauncher (138)
[2015.04.11-12.34.58:722][838]LogModuleManager: Shutting down and abandoning module SessionFrontend (137)
[2015.04.11-12.34.58:738][838]LogModuleManager: Shutting down and abandoning module ProfilerClient (136)
[2015.04.11-12.34.58:739][838]LogModuleManager: Shutting down and abandoning module TargetDeviceServices (135)
[2015.04.11-12.34.58:748][838]LogModuleManager: Shutting down and abandoning module DeviceManager (134)
[2015.04.11-12.34.58:807][838]LogModuleManager: Shutting down and abandoning module AutomationController (133)
[2015.04.11-12.34.58:847][838]LogModuleManager: Shutting down and abandoning module AutomationWindow (132)
[2015.04.11-12.34.58:871][838]LogModuleManager: Shutting down and abandoning module Layers (131)
[2015.04.11-12.34.59:065][838]LogModuleManager: Shutting down and abandoning module ComponentVisualizers (130)
[2015.04.11-12.34.59:065][838]LogModuleManager: Shutting down and abandoning module DetailCustomizations (129)
[2015.04.11-12.34.59:075][838]LogModuleManager: Shutting down and abandoning module PackagesDialog (128)
[2015.04.11-12.34.59:201][838]LogModuleManager: Shutting down and abandoning module AssetRegistry (127)
[2015.04.11-12.34.59:284][838]LogModuleManager: Shutting down and abandoning module Persona (126)
[2015.04.11-12.34.59:393][838]LogModuleManager: Shutting down and abandoning module SlateReflector (125)
[2015.04.11-12.34.59:502][838]LogModuleManager: Shutting down and abandoning module LevelEditor (124)
[2015.04.11-12.34.59:508][838]LogModuleManager: Shutting down and abandoning module Kismet (123)
[2015.04.11-12.34.59:568][838]LogModuleManager: Shutting down and abandoning module GraphEditor (122)
[2015.04.11-12.34.59:728][838]LogModuleManager: Shutting down and abandoning module ClassViewer (121)
[2015.04.11-12.34.59:728][838]LogModuleManager: Shutting down and abandoning module Toolbox (120)
[2015.04.11-12.34.59:728][838]LogModuleManager: Shutting down and abandoning module ModuleUI (119)
[2015.04.11-12.34.59:773][838]LogModuleManager: Shutting down and abandoning module MovieSceneTools (118)
[2015.04.11-12.34.59:863][838]LogModuleManager: Shutting down and abandoning module OutputLog (117)
[2015.04.11-12.34.59:863][838]LogModuleManager: Shutting down and abandoning module GammaUI (116)
[2015.04.11-12.34.59:872][838]LogModuleManager: Shutting down and abandoning module Documentation (115)
[2015.04.11-12.34.59:872][838]LogModuleManager: Shutting down and abandoning module GameLiveStreaming (114)
[2015.04.11-12.34.59:887][838]LogModuleManager: Shutting down and abandoning module StreamingPauseRendering (113)
[2015.04.11-12.34.59:939][838]LogModuleManager: Shutting down and abandoning module HTTP (112)
[2015.04.11-12.34.59:939][838]LogModuleManager: Shutting down and abandoning module AnalyticsET (111)
[2015.04.11-12.34.59:939][838]LogModuleManager: Shutting down and abandoning module Analytics (110)
[2015.04.11-12.34.59:939][838]LogModuleManager: Shutting down and abandoning module AITestSuite (109)
[2015.04.11-12.34.59:979][838]LogModuleManager: Shutting down and abandoning module GameplayDebugger (108)
[2015.04.11-12.34.59:998][838]LogModuleManager: Shutting down and abandoning module AIModule (107)
[2015.04.11-12.35.00:009][838]LogModuleManager: Shutting down and abandoning module ProfilerService (106)
[2015.04.11-12.35.00:081][838]LogModuleManager: Shutting down and abandoning module TaskGraph (105)
[2015.04.11-12.35.00:139][838]LogModuleManager: Shutting down and abandoning module SlateRemote (104)
[2015.04.11-12.35.00:140][838]LogModuleManager: Shutting down and abandoning module ScriptEditorPlugin (103)
[2015.04.11-12.35.00:140][838]LogModuleManager: Shutting down and abandoning module CustomMeshComponent (102)
[2015.04.11-12.35.00:140][838]LogModuleManager: Shutting down and abandoning module CableComponent (101)
[2015.04.11-12.35.00:161][838]LogModuleManager: Shutting down and abandoning module MessagingDebugger (100)
[2015.04.11-12.35.00:429][838]LogModuleManager: Shutting down and abandoning module MediaPlayerEditor (99)
[2015.04.11-12.35.00:511][838]LogModuleManager: Shutting down and abandoning module SpeedTreeImporter (98)
[2015.04.11-12.35.00:511][838]LogModuleManager: Shutting down and abandoning module PluginsEditor (97)
[2015.04.11-12.35.00:521][838]LogModuleManager: Shutting down and abandoning module MainFrame (96)
[2015.04.11-12.35.00:521][838]LogModuleManager: Shutting down and abandoning module EpicSurvey (95)
[2015.04.11-12.35.00:578][838]LogModuleManager: Shutting down and abandoning module DesktopPlatform (94)
[2015.04.11-12.35.00:718][838]LogModuleManager: Shutting down and abandoning module DirectoryWatcher (93)
[2015.04.11-12.35.00:718][838]LogModuleManager: Shutting down and abandoning module HotReload (92)
[2015.04.11-12.35.00:718][838]LogModuleManager: Shutting down and abandoning module VisualStudioSourceCodeAccess (91)
[2015.04.11-12.35.00:718][838]LogModuleManager: Shutting down and abandoning module UObjectPlugin (90)
[2015.04.11-12.35.00:718][838]LogModuleManager: Shutting down and abandoning module SubversionSourceControl (89)
[2015.04.11-12.35.00:741][838]LogModuleManager: Shutting down and abandoning module PerforceSourceControl (88)
[2015.04.11-12.35.00:790][838]LogModuleManager: Shutting down and abandoning module SourceControl (87)
[2015.04.11-12.35.00:798][838]LogModuleManager: Shutting down and abandoning module GitSourceControl (86)
[2015.04.11-12.35.00:820][838]LogModuleManager: Shutting down and abandoning module BlankPlugin (85)
[2015.04.11-12.35.00:820][838]LogModuleManager: Shutting down and abandoning module PaperTiledImporter (84)
[2015.04.11-12.35.00:820][838]LogModuleManager: Shutting down and abandoning module PaperJsonImporter (83)
[2015.04.11-12.35.00:820][838]LogModuleManager: Shutting down and abandoning module ContentBrowser (82)
[2015.04.11-12.35.00:820][838]LogModuleManager: Shutting down and abandoning module Paper2DEditor (81)
[2015.04.11-12.35.00:907][838]LogModuleManager: Shutting down and abandoning module ScriptPlugin (80)
[2015.04.11-12.35.00:938][838]LogModuleManager: Shutting down and abandoning module UdpMessaging (79)
[2015.04.11-12.35.01:039][838]LogModuleManager: Shutting down and abandoning module Paper2D (78)
[2015.04.11-12.35.01:080][838]LogModuleManager: Shutting down and abandoning module WindowsMoviePlayer (77)
[2015.04.11-12.35.01:092][838]LogModuleManager: Shutting down and abandoning module Media (76)
[2015.04.11-12.35.01:092][838]LogModuleManager: Shutting down and abandoning module WmfMedia (75)
[2015.04.11-12.35.01:092][838]LogModuleManager: Shutting down and abandoning module OnlineBlueprintSupport (74)
[2015.04.11-12.35.01:092][838]LogModuleManager: Shutting down and abandoning module PropertyEditor (73)
[2015.04.11-12.35.01:092][838]LogModuleManager: Shutting down and abandoning module BehaviorTreeEditor (72)
[2015.04.11-12.35.01:274][838]LogModuleManager: Shutting down and abandoning module FunctionalTesting (71)
[2015.04.11-12.35.01:430][838]LogModuleManager: Shutting down and abandoning module CollisionAnalyzer (70)
[2015.04.11-12.35.01:511][838]LogModuleManager: Shutting down and abandoning module WorkspaceMenuStructure (69)
[2015.04.11-12.35.01:511][838]LogModuleManager: Shutting down and abandoning module MessageLog (68)
[2015.04.11-12.35.01:511][838]LogModuleManager: Shutting down and abandoning module Sequencer (67)
[2015.04.11-12.35.01:608][838]LogModuleManager: Shutting down and abandoning module AssetTools (66)
[2015.04.11-12.35.01:833][838]LogModuleManager: Shutting down and abandoning module UMGEditor (65)
[2015.04.11-12.35.01:890][838]LogModuleManager: Shutting down and abandoning module UMG (64)
[2015.04.11-12.35.01:947][838]LogModuleManager: Shutting down and abandoning module Slate (63)
[2015.04.11-12.35.01:947][838]LogModuleManager: Shutting down and abandoning module EditorStyle (62)
[2015.04.11-12.35.01:950][838]LogModuleManager: Shutting down and abandoning module SessionServices (61)
[2015.04.11-12.35.01:950][838]LogModuleManager: Shutting down and abandoning module SourceCodeAccess (60)
[2015.04.11-12.35.01:950][838]LogModuleManager: Shutting down and abandoning module HeadMountedDisplay (59)
[2015.04.11-12.35.01:950][838]LogModuleManager: Shutting down and abandoning module XAudio2 (58)
[2015.04.11-12.35.01:950][838]LogModuleManager: Shutting down and abandoning module Networking (56)
[2015.04.11-12.35.01:950][838]LogModuleManager: Shutting down and abandoning module Core (55)
[2015.04.11-12.35.01:950][838]LogModuleManager: Shutting down and abandoning module KismetCompiler (54)
[2015.04.11-12.35.01:950][838]LogModuleManager: Shutting down and abandoning module PhysXFormats (53)
[2015.04.11-12.35.01:950][838]LogModuleManager: Shutting down and abandoning module MeshUtilities (52)
[2015.04.11-12.35.01:993][838]LogModuleManager: Shutting down and abandoning module DerivedDataCache (51)
[2015.04.11-12.35.02:097][838]LogDerivedDataCache: Shutdown
[2015.04.11-12.35.02:097][838]LogModuleManager: Shutting down and abandoning module ShaderFormatOpenGL (50)
[2015.04.11-12.35.02:136][838]LogModuleManager: Shutting down and abandoning module ShaderFormatD3D (49)
[2015.04.11-12.35.02:137][838]LogModuleManager: Shutting down and abandoning module MetalShaderFormat (48)
[2015.04.11-12.35.02:171][838]LogModuleManager: Shutting down and abandoning module TextureFormatUncompressed (47)
[2015.04.11-12.35.02:171][838]LogModuleManager: Shutting down and abandoning module TextureFormatPVR (46)
[2015.04.11-12.35.02:171][838]LogModuleManager: Shutting down and abandoning module TextureFormatIntelISPCTexComp (45)
[2015.04.11-12.35.02:171][838]LogModuleManager: Shutting down and abandoning module TextureFormatDXT (44)
[2015.04.11-12.35.02:171][838]LogModuleManager: Shutting down and abandoning module ImageWrapper (43)
[2015.04.11-12.35.02:171][838]LogModuleManager: Shutting down and abandoning module TextureFormatASTC (42)
[2015.04.11-12.35.02:171][838]LogModuleManager: Shutting down and abandoning module TextureFormatAndroid (41)
[2015.04.11-12.35.02:171][838]LogModuleManager: Shutting down and abandoning module AudioFormatOpus (40)
[2015.04.11-12.35.02:196][838]LogModuleManager: Shutting down and abandoning module AudioFormatOgg (39)
[2015.04.11-12.35.02:196][838]LogModuleManager: Shutting down and abandoning module AudioFormatADPCM (38)
[2015.04.11-12.35.02:196][838]LogModuleManager: Shutting down and abandoning module LinuxTargetPlatform (37)
[2015.04.11-12.35.02:196][838]LogModuleManager: Shutting down and abandoning module LinuxServerTargetPlatform (36)
[2015.04.11-12.35.02:196][838]LogModuleManager: Shutting down and abandoning module LinuxNoEditorTargetPlatform (35)
[2015.04.11-12.35.02:196][838]LogModuleManager: Shutting down and abandoning module Messaging (34)
[2015.04.11-12.35.02:196][838]LogModuleManager: Shutting down and abandoning module IOSTargetPlatform (33)
[2015.04.11-12.35.02:196][838]LogModuleManager: Shutting down and abandoning module HTML5TargetPlatform (32)
[2015.04.11-12.35.02:196][838]LogModuleManager: Shutting down and abandoning module Android_PVRTCTargetPlatform (31)
[2015.04.11-12.35.02:196][838]LogModuleManager: Shutting down and abandoning module Android_ETC2TargetPlatform (30)
[2015.04.11-12.35.02:196][838]LogModuleManager: Shutting down and abandoning module Android_ETC1TargetPlatform (29)
[2015.04.11-12.35.02:197][838]LogModuleManager: Shutting down and abandoning module Android_ES31TargetPlatform (28)
[2015.04.11-12.35.02:197][838]LogModuleManager: Shutting down and abandoning module Android_DXTTargetPlatform (27)
[2015.04.11-12.35.02:197][838]LogModuleManager: Shutting down and abandoning module Android_ATCTargetPlatform (26)
[2015.04.11-12.35.02:197][838]LogModuleManager: Shutting down and abandoning module AndroidTargetPlatform (25)
[2015.04.11-12.35.02:197][838]LogModuleManager: Shutting down and abandoning module WindowsTargetPlatform (24)
[2015.04.11-12.35.02:197][838]LogModuleManager: Shutting down and abandoning module WindowsServerTargetPlatform (23)
[2015.04.11-12.35.02:197][838]LogModuleManager: Shutting down and abandoning module WindowsNoEditorTargetPlatform (22)
[2015.04.11-12.35.02:197][838]LogModuleManager: Shutting down and abandoning module WindowsClientTargetPlatform (21)
[2015.04.11-12.35.02:197][838]LogModuleManager: Shutting down and abandoning module TargetPlatform (20)
[2015.04.11-12.35.02:197][838]LogModuleManager: Shutting down and abandoning module InputCore (19)
[2015.04.11-12.35.02:197][838]LogModuleManager: Shutting down and abandoning module Settings (18)
[2015.04.11-12.35.02:197][838]LogModuleManager: Shutting down and abandoning module OnlineSubsystem (16)
[2015.04.11-12.35.02:214][838]LogModuleManager: Shutting down and abandoning module OculusRift (15)
[2015.04.11-12.35.02:214][838]LogModuleManager: Shutting down and abandoning module ExampleDeviceProfileSelector (14)
[2015.04.11-12.35.02:214][838]LogModuleManager: Shutting down and abandoning module TextureCompressor (13)
[2015.04.11-12.35.02:220][838]LogModuleManager: Shutting down and abandoning module ShaderCore (12)
[2015.04.11-12.35.02:220][838]LogModuleManager: Shutting down and abandoning module Landscape (11)
[2015.04.11-12.35.02:220][838]LogModuleManager: Shutting down and abandoning module SlateRHIRenderer (10)
[2015.04.11-12.35.02:401][838]LogModuleManager: Shutting down and abandoning module OpenGLDrv (9)
[2015.04.11-12.35.02:401][838]LogModuleManager: Shutting down and abandoning module D3D11RHI (8)
[2015.04.11-12.35.02:401][838]LogModuleManager: Shutting down and abandoning module Renderer (7)
[2015.04.11-12.35.02:401][838]LogModuleManager: Shutting down and abandoning module Engine (6)
[2015.04.11-12.35.02:401][838]LogModuleManager: Shutting down and abandoning module CoreUObject (5)
[2015.04.11-12.35.02:413][838]LogModuleManager: Shutting down and abandoning module NetworkFile (4)
[2015.04.11-12.35.02:426][838]LogModuleManager: Shutting down and abandoning module StreamingFile (3)
[2015.04.11-12.35.02:440][838]LogModuleManager: Shutting down and abandoning module SandboxFile (2)
[2015.04.11-12.35.02:453][838]LogModuleManager: Shutting down and abandoning module PakFile (1)
[2015.04.11-12.35.02:517][838]LogExit: Exiting.
[2015.04.11-12.35.02:533][838]Log file closed, 04/11/15 14:35:02
