Log file open, 04/11/15 14:35:35
LogInit:Display: Running engine for game: FreeFlight_GIT
LogInit: Version: 4.7.5-2503383+++depot+UE4-Releases+4.7
LogInit: API Version: 2455222
LogInit: Compiled (64-bit): Apr  6 2015 23:21:51
LogInit: Compiled with Visual C++: 18.00.21005.01
LogInit: Build Configuration: Development
LogInit: Branch Name: ++depot+UE4-Releases+4.7
LogInit: Command line:  
LogInit: Base directory: F:/Program Files/Epic Games/4.7/Engine/Binaries/Win64/
LogInit: Rocket: 1
[2015.04.11-12.35.35:171][  0]LogTaskGraph: Started task graph with 3 named threads and 6 total threads.
[2015.04.11-12.35.35:229][  0]LogOnline:Warning: No default platform service specified for OnlineSubsystem
[2015.04.11-12.35.35:242][  0]LogInit: Presizing for 0 objects not considered by GC, pre-allocating 0 bytes.
[2015.04.11-12.35.35:252][  0]LogInit: Object subsystem initialized
[2015.04.11-12.35.35:254][  0]LogConsoleResponse:Warning: Skipping Unknown console variable: 'TranslucentSortAxis = (X=0.000000,Y=-1.000000,Z=0.000000)'
[2015.04.11-12.35.35:254][  0]LogConsoleResponse:Warning:   Found in ini file 'F:/projects/freeflightproject/Saved/Config/Windows/Engine.ini', in section '[/Script/Engine.RendererSettings]'
[2015.04.11-12.35.35:254][  0]LogConsoleResponse:Warning: Skipping Unknown console variable: 'UIScaleRule = ShortestSide'
[2015.04.11-12.35.35:254][  0]LogConsoleResponse:Warning:   Found in ini file 'F:/projects/freeflightproject/Saved/Config/Windows/Engine.ini', in section '[/Script/Engine.RendererSettings]'
[2015.04.11-12.35.35:254][  0]LogConsoleResponse:Warning: Skipping Unknown console variable: 'UIScaleCurve = (EditorCurveData=(Keys=),ExternalCurve=None)'
[2015.04.11-12.35.35:254][  0]LogConsoleResponse:Warning:   Found in ini file 'F:/projects/freeflightproject/Saved/Config/Windows/Engine.ini', in section '[/Script/Engine.RendererSettings]'
[2015.04.11-12.35.35:255][  0]LogInit: Selected Device Profile: [Windows]
[2015.04.11-12.35.35:255][  0]LogInit: Applying CVar settings loaded from the selected device profile: [Windows]
[2015.04.11-12.35.35:300][  0]LogInit: Computer: MAX-PC
[2015.04.11-12.35.35:300][  0]LogInit: User: Maxi
[2015.04.11-12.35.35:300][  0]LogInit: CPU Page size=4096, Cores=4
[2015.04.11-12.35.35:300][  0]LogInit: High frequency timer resolution =3.225831 MHz
[2015.04.11-12.35.35:300][  0]LogMemory: Memory total: Physical=8.0GB (8GB approx) Virtual=131072.0GB
[2015.04.11-12.35.35:300][  0]LogMemory: Platform Memory Stats for Windows
[2015.04.11-12.35.35:300][  0]LogMemory: Process Physical Memory: 45.60 MB used, 45.60 MB peak
[2015.04.11-12.35.35:300][  0]LogMemory: Process Virtual Memory: 22.40 MB used, 22.41 MB peak
[2015.04.11-12.35.35:300][  0]LogMemory: Physical Memory: 4932.42 MB used, 8153.21 MB total
[2015.04.11-12.35.35:300][  0]LogMemory: Virtual Memory: 286.51 MB used, 134217728.00 MB total
[2015.04.11-12.35.35:323][  0]LogD3D11RHI: Found D3D11 adapter 0: NVIDIA GeForce GTX 970 (Feature Level 11_0)
[2015.04.11-12.35.35:323][  0]LogD3D11RHI: Adapter has 3994MB of dedicated video memory, 0MB of dedicated system memory, and 4076MB of shared system memory, 1 output[s]
[2015.04.11-12.35.35:324][  0]LogD3D11RHI: Found D3D11 adapter 1: Microsoft Basic Render Driver (Feature Level 11_0)
[2015.04.11-12.35.35:324][  0]LogD3D11RHI: Adapter has 0MB of dedicated video memory, 0MB of dedicated system memory, and 256MB of shared system memory, 0 output[s]
[2015.04.11-12.35.35:324][  0]LogD3D11RHI: Chosen D3D11 Adapter Id = 0
[2015.04.11-12.35.35:327][  0]LogRHI: Texture pool is 1361 MB (70% of 1945 MB)
[2015.04.11-12.35.35:337][  0]LogD3D11RHI: Async texture creation enabled
[2015.04.11-12.35.35:425][  0]LogTextLocalizationManager: The requested culture ('en_GB') has no localization data; parent culture's ('en') localization data will be used.
[2015.04.11-12.35.35:484][  0]LogTextLocalizationManager:Warning: Loading localization resources contain conflicting entries for (Namespace:UICommands, Key:Save_ToolTip):
Resource: (F:/Program Files/Epic Games/4.7/Engine/Content/Localization/Editor/en/Editor.locres) Hash: (-29098895) String: (Saves the current level to disk)
Resource: (F:/Program Files/Epic Games/4.7/Engine/Content/Localization/Engine/en/Engine.locres) Hash: (-1280300587) String: (Save selected data to vlog file)
[2015.04.11-12.35.35:484][  0]LogTextLocalizationManager:Warning: Loading localization resources contain conflicting entries for (Namespace:ContentBrowser, Key:ImportAssetToolTip):
Resource: (F:/Program Files/Epic Games/4.7/Engine/Content/Localization/Editor/en/Editor.locres) Hash: (-630476809) String: (Import to {0}...)
Resource: (F:/Program Files/Epic Games/4.7/Engine/Content/Localization/Editor/en/Editor.locres) Hash: (1271782899) String: (Imports an asset from file to this folder.)
[2015.04.11-12.35.35:568][  0]LogContentStreaming: Texture pool size is 0.000000MB
[2015.04.11-12.35.37:925][  0]LogTargetPlatformManager:Display: Building Assets For Windows
[2015.04.11-12.35.38:512][  0]LogTargetPlatformManager:Display: Building Assets For Windows
[2015.04.11-12.35.38:577][  0]LogDerivedDataCache:Display: Max Cache Size: 512 MB
[2015.04.11-12.35.38:628][  0]LogDerivedDataCache: Loaded boot cache 0.05s 39MB C:/Users/Maxi/AppData/Local/UnrealEngine/4.7/DerivedDataCache/Boot.ddc.
[2015.04.11-12.35.38:628][  0]LogDerivedDataCache:Display: Loaded Boot cache: C:/Users/Maxi/AppData/Local/UnrealEngine/4.7/DerivedDataCache/Boot.ddc
[2015.04.11-12.35.38:628][  0]LogDerivedDataCache: FDerivedDataBackendGraph:  Pak pak cache file ../../../../../../projects/freeflightproject/DerivedDataCache/DDC.ddp not found, will not use a pak cache.
[2015.04.11-12.35.38:628][  0]LogDerivedDataCache: Unable to find inner node Pak for hierarchical cache Hierarchy.
[2015.04.11-12.35.38:752][  0]LogDerivedDataCache:Display: Pak cache opened for reading ../../../Engine/DerivedDataCache/Compressed.ddp.
[2015.04.11-12.35.38:765][  0]LogDerivedDataCache: Using Local data cache path C:/Users/Maxi/AppData/Local/UnrealEngine/Common/DerivedDataCache: Writable
[2015.04.11-12.35.39:080][  0]LogMeshUtilities: No automatic mesh reduction module available
[2015.04.11-12.35.39:080][  0]LogMeshUtilities: No automatic mesh merging module available
[2015.04.11-12.35.39:501][  0]LogInit: WinSock: version 1.1 (2.2), MaxSocks=32767, MaxUdp=65467
[2015.04.11-12.35.39:585][  0]LogSlate:Warning: Failed to load font data from '../../../Engine/Content/Slate/Fonts/Roboto-Italic.ttf'
[2015.04.11-12.35.40:427][  0]UdpMessaging: Initializing bridge on interface 0.0.0.0:0 to multicast group 230.0.0.1:6666.
[2015.04.11-12.35.40:635][  0]SourceControl: Info Source control is disabled
[2015.04.11-12.35.40:635][  0]SourceControl: Info Source control is disabled
[2015.04.11-12.35.40:635][  0]SourceControl: Info Source control is disabled
[2015.04.11-12.35.40:635][  0]LogSourceControl: RunCommandInternalRaw: 'git version'
[2015.04.11-12.35.40:635][  0]LogSourceControl: RunCommandInternalRaw: ExecProcess ReturnCode=2 OutResults=''
[2015.04.11-12.35.40:645][  0]SourceControl: Info Source control is disabled
[2015.04.11-12.35.40:847][  0]LogObj: 24232 objects as part of root set at end of initial load.
[2015.04.11-12.35.40:847][  0]LogUObjectAllocator: 5137176 out of 0 bytes used by permanent object pool.
[2015.04.11-12.35.40:940][  0]LogEngine: Initializing Engine...
[2015.04.11-12.35.43:136][  0]LogInit: XAudio2 using 'Kopfhörer (3- Xonar U7)' : 2 channels at 48 kHz using 16 bits per sample (channel mask 0x3)
[2015.04.11-12.35.43:169][  0]LogInit: FAudioDevice initialized.
[2015.04.11-12.35.43:209][  0]LogAIModule: Creating AISystem for world NewWorld
[2015.04.11-12.35.43:229][  0]LogDerivedDataCache: Saved boot cache 0.02s 39MB C:/Users/Maxi/AppData/Local/UnrealEngine/4.7/DerivedDataCache/Boot.ddc.
[2015.04.11-12.35.43:237][  0]LogInit: Texture streaming: Enabled
[2015.04.11-12.35.43:344][  0]LogAnalytics: Creating configured Analytics provider AnalyticsET
[2015.04.11-12.35.43:344][  0]LogAnalytics: ET APIKey = Rocket.Release. APIServer = http://et2.epicgames.com/ET2/. AppVersion = 4.7.5-2503383+++depot+UE4-Releases+4.7
[2015.04.11-12.35.43:344][  0]LogAnalytics: ET APIKey = Rocket.Release. DataRouterUploadURL = https://datarouter-public-service-gamedev.ol.epicgames.net/datarouter/api/v1/public/data. AppVersion = 4.7.5-2503383+++depot+UE4-Releases+4.7
[2015.04.11-12.35.43:344][  0]LogAnalytics: SetUserId 06d24cba49593aa01d787c853eda5825|2a24f47fd65c46d6a24222174b3ffc89|59bcde3c-5ed8-430b-bbbe-aec344c5d3d7
[2015.04.11-12.35.43:344][  0]LogAnalytics: AnalyticsET::StartSession [Rocket.Release]
[2015.04.11-12.35.43:365][  0]LogInit: Transaction tracking system initialized
[2015.04.11-12.35.43:542][  0]BlueprintLog: New page: Editor Load
[2015.04.11-12.35.43:579][  0]LogAssetRegistry: FAssetRegistry took 0.0108 seconds to start up
[2015.04.11-12.35.43:579][  0]LogDirectoryWatcher:Warning: Failed to begin reading directory changes for ../../../Engine/Plugins/Experimental/CharacterAI/Content/. Error: 0
[2015.04.11-12.35.44:187][  0]LogTargetPlatformManager:Display: Building Assets For Windows
[2015.04.11-12.35.44:596][  0]LogTargetPlatformManager:Display: Building Assets For Windows
[2015.04.11-12.35.45:186][  0]LogSlate:Warning: Failed to load font data from '../../../Engine/Content/Editor/Slate/Fonts/Roboto-Regular.ttf'
[2015.04.11-12.35.45:187][  0]LogSlate:Warning: Failed to load font data from '../../../Engine/Content/Editor/Slate/Fonts/Roboto-Bold.ttf'
[2015.04.11-12.35.45:192][  0]LogConsoleResponse:Display: 
[2015.04.11-12.35.45:406][  0]LogCook:Display: Done creating registry. It took  0.00s.
[2015.04.11-12.35.45:575][  0]SourceControl: Info Source control is disabled
[2015.04.11-12.35.45:575][  0]Cmd: MAP LOAD FILE="../../../Engine/Content/Maps/Templates/Template_Default.umap" TEMPLATE=1 SHOWPROGRESS=1 FEATURELEVEL=3
[2015.04.11-12.35.45:576][  0]LightingResults: New page: Lighting Build
[2015.04.11-12.35.45:591][  0]MapCheck: New page: Map Check
[2015.04.11-12.35.45:591][  0]LightingResults: New page: Lighting Build
[2015.04.11-12.35.45:604][  0]LogParticles: Destroying 0 GPU particle simulations for FXSystem 0x000000BF69B72980
[2015.04.11-12.35.46:374][  0]LogEditorServer: Finished looking for orphan Actors (0.000 secs)
[2015.04.11-12.35.46:377][  0]LogAIModule: Creating AISystem for world Untitled_1
[2015.04.11-12.35.46:378][  0]Cmd: MAP CHECKDEP
[2015.04.11-12.35.46:378][  0]MapCheck: New page: Untitled_1 - 11 Apr 2015 16:35:46
[2015.04.11-12.35.46:454][  0]MapCheck: Info Map check complete: 0 Error(s), 0 Warning(s), took 75.828ms to complete.
[2015.04.11-12.35.46:454][  0]LogFileHelpers: Loading map 'Template_Default' took 0.878
[2015.04.11-12.35.46:641][  0]LogCollectionManager: Loaded 0 collections in 0.001877 seconds
[2015.04.11-12.35.46:651][  0]LogContentBrowser: Native class hierarchy populated in 0.0095 seconds. Added 1696 classes and 261 folders.
[2015.04.11-12.35.46:705][  0]LogContentBrowser: Native class hierarchy updated for 'SceneOutliner' in 0.0017 seconds. Added 1 classes and 2 folders.
[2015.04.11-12.35.46:763][  0]LogCrashTracker: Crashtracker disabled due to settings.
[2015.04.11-12.35.46:764][  0]LogSlate:Warning: Failed to load font data from 'Veranda'
[2015.04.11-12.35.46:771][  0]LogUObjectGlobals:Warning: Failed to find object 'Class None.'
[2015.04.11-12.35.47:157][  0]LogLoad: Full Startup: 13.87 seconds (BP compile: 0.11 seconds)
[2015.04.11-12.35.47:825][  0]LogRenderer:Warning: Reallocating scene render targets to support 1208x576 (Frame:2).
[2015.04.11-12.35.48:950][  4]LogAssetRegistry: Asset discovery search completed in 5.3813 seconds
[2015.04.11-12.37.08:616][972]LogContentBrowser:Verbose: The content browser source was changed by the sources view to '/Game'
[2015.04.11-12.37.45:048][ 68]LogSourceControl: RunCommandInternalRaw: 'git version'
[2015.04.11-12.37.45:055][ 68]LogSourceControl: RunCommandInternalRaw: ExecProcess ReturnCode=0 OutResults='git version 1.9.4.msysgit.2
'
[2015.04.11-12.37.51:164][776]LogSourceControl: RunCommandInternalRaw: 'git status'
[2015.04.11-12.37.51:180][778]LogSourceControl: RunCommandInternalRaw: ExecProcess ReturnCode=0 OutResults='On branch master
Your branch is up-to-date with 'origin/master'.

Changes not staged for commit:
  (use "git add <file>..." to update what will be committed)
  (use "git checkout -- <file>..." to discard changes in working directory)

	modified:   Intermediate/CachedAssetRegistry.bin
	modified:   Intermediate/Config/CoalescedSourceConfigs/Engine.ini
	modified:   Intermediate/Config/CoalescedSourceConfigs/Game.ini
	modified:   Intermediate/Config/CoalescedSourceConfigs/Input.ini
	modified:   Intermediate/ReimportCache/3688439234.bin
	modified:   Saved/Config/Windows/EditorLayout.ini
	modified:   Saved/Config/Windows/EditorUserSettings.ini
	modified:   Saved/Config/Windows/Engine.ini
	modified:   Saved/Logs/FreeFlight_GIT.log

Untracked files:
  (use "git add <file>..." to include in what will be committed)

	Config/DefaultInput.ini
	Saved/AutoScreenshot.png
	Saved/Logs/FreeFlight_GIT-backup-2015.04.11-14.29.12.log
	Saved/Logs/FreeFlight_GIT-backup-2015.04.11-14.35.35.log

no changes added to commit (use "git add" and/or "git commit -a")
'
[2015.04.11-12.37.51:180][778]LogSourceControl: RunCommandInternalRaw: 'git symbolic-ref --short HEAD'
[2015.04.11-12.37.51:189][779]LogSourceControl: RunCommandInternalRaw: ExecProcess ReturnCode=0 OutResults='master
'
[2015.04.11-12.37.51:231][779]SourceControl: Info master
[2015.04.11-12.37.56:324][333]LogContentBrowser:Verbose: The content browser source was changed by the sources view to '/Game/Blueprints'
[2015.04.11-12.37.57:478][437]LogSourceControl: RunCommandInternalRaw: 'git status --porcelain --ignored "F:/projects/freeflightproject/Content/Blueprints/Test_Commit_Blueprint.uasset"'
[2015.04.11-12.37.57:495][439]LogSourceControl: RunCommandInternalRaw: ExecProcess ReturnCode=0 OutResults=''
[2015.04.11-12.44.19:915][272]LogContentBrowser:Verbose: The content browser source was changed by the sources view to '/Game'
[2015.04.11-12.44.24:246][776]SourceControl:Error: Error Operation 'Sync' not supported by source control provider 'Git'
[2015.04.11-12.44.28:533][279]LogContentBrowser:Verbose: The content browser source was changed by the sources view to '/Game/Blueprints'
[2015.04.11-12.44.29:632][383]LogSourceControl: RunCommandInternalRaw: 'git status --porcelain --ignored "F:/projects/freeflightproject/Content/Blueprints/Test_Commit_Blueprint.uasset"'
[2015.04.11-12.44.29:650][385]LogSourceControl: RunCommandInternalRaw: ExecProcess ReturnCode=0 OutResults=''
[2015.04.11-12.44.32:044][668]LogContentBrowser:Verbose: The content browser source was changed by the sources view to '/Game'
[2015.04.11-12.44.33:678][856]SourceControl:Error: Error Operation 'Sync' not supported by source control provider 'Git'
[2015.04.11-12.44.36:096][146]LogContentBrowser:Verbose: The content browser source was changed by the sources view to '/Game/Blueprints'
[2015.04.11-12.44.37:105][266]LogSourceControl: RunCommandInternalRaw: 'git status --porcelain --ignored "F:/projects/freeflightproject/Content/Blueprints/Test_Commit_Blueprint.uasset"'
[2015.04.11-12.44.37:121][268]LogSourceControl: RunCommandInternalRaw: ExecProcess ReturnCode=0 OutResults=''
[2015.04.11-12.50.55:417][485]LogContentBrowser:Verbose: The content browser source was changed by the sources view to '/Game'
[2015.04.11-12.50.56:617][615]SourceControl:Error: Error Operation 'Sync' not supported by source control provider 'Git'
[2015.04.11-12.50.58:991][900]LogContentBrowser:Verbose: The content browser source was changed by the sources view to '/Game/Blueprints'
[2015.04.11-12.51.00:002][ 16]LogSourceControl: RunCommandInternalRaw: 'git status --porcelain --ignored "F:/projects/freeflightproject/Content/Blueprints/Test_Commit_Blueprint.uasset"'
[2015.04.11-12.51.00:017][ 18]LogSourceControl: RunCommandInternalRaw: ExecProcess ReturnCode=0 OutResults=''
[2015.04.11-12.51.25:859][532]SourceControl:Error: Error Operation 'Sync' not supported by source control provider 'Git'
[2015.04.11-12.51.28:142][806]LogContentBrowser:Verbose: The content browser source was changed by the sources view to '/Game'
[2015.04.11-12.51.29:253][934]SourceControl:Error: Error Operation 'Sync' not supported by source control provider 'Git'
[2015.04.11-12.51.30:411][ 73]LogContentBrowser:Verbose: The content browser source was changed by the sources view to '/Game/Blueprints'
[2015.04.11-12.51.31:422][194]LogSourceControl: RunCommandInternalRaw: 'git status --porcelain --ignored "F:/projects/freeflightproject/Content/Blueprints/Test_Commit_Blueprint.uasset"'
[2015.04.11-12.51.31:438][196]LogSourceControl: RunCommandInternalRaw: ExecProcess ReturnCode=0 OutResults=''
[2015.04.11-12.51.34:548][569]LogContentBrowser:Verbose: The content browser source was changed by the sources view to '/Game'
[2015.04.11-12.51.37:395][905]SourceControl:Error: Error Operation 'Sync' not supported by source control provider 'Git'
[2015.04.11-12.51.47:916][104]SourceControl:Error: Error Operation 'Sync' not supported by source control provider 'Git'
[2015.04.11-12.51.53:701][798]LogContentBrowser:Verbose: The content browser source was changed by the sources view to '/Game/Blueprints'
[2015.04.11-12.51.54:711][919]LogSourceControl: RunCommandInternalRaw: 'git status --porcelain --ignored "F:/projects/freeflightproject/Content/Blueprints/Test_Commit_Blueprint.uasset"'
[2015.04.11-12.51.54:728][921]LogSourceControl: RunCommandInternalRaw: ExecProcess ReturnCode=0 OutResults=''
[2015.04.11-12.51.54:864][937]LogContentBrowser:Verbose: The content browser source was changed by the sources view to '/Game'
[2015.04.11-12.52.03:257][905]LogContentBrowser:Verbose: The content browser source was changed by the sources view to '/Game/Blueprints'
[2015.04.11-12.52.04:266][ 20]LogSourceControl: RunCommandInternalRaw: 'git status --porcelain --ignored "F:/projects/freeflightproject/Content/Blueprints/Test_Commit_Blueprint.uasset"'
[2015.04.11-12.52.04:275][ 21]LogSourceControl: RunCommandInternalRaw: ExecProcess ReturnCode=0 OutResults=''
[2015.04.11-12.52.12:935][412]LogContentBrowser:Verbose: The content browser source was changed by the sources view to '/Game/Blueprints'
[2015.04.11-12.52.13:895][520]LogSourceControl: RunCommandInternalRaw: 'git status --porcelain --ignored "F:/projects/freeflightproject/Content/Blueprints/Test_Commit_Blueprint.uasset"'
[2015.04.11-12.52.13:911][522]LogSourceControl: RunCommandInternalRaw: ExecProcess ReturnCode=0 OutResults=''
[2015.04.11-12.52.18:498][ 60]LogSourceControl: RunCommandInternalRaw: 'git status --porcelain --ignored "F:/projects/freeflightproject/Content/Blueprints/testmax.uasset"'
[2015.04.11-12.52.18:511][ 60]LogSourceControl: RunCommandInternalRaw: ExecProcess ReturnCode=0 OutResults=''
[2015.04.11-12.52.19:632][132]LogSourceControl: RunCommandInternalRaw: 'git status --porcelain --ignored "F:/projects/freeflightproject/Content/Blueprints/testmax.uasset"'
[2015.04.11-12.52.19:646][134]LogSourceControl: RunCommandInternalRaw: ExecProcess ReturnCode=0 OutResults=''
[2015.04.11-12.52.25:710][827]LogSourceControl: RunCommandInternalRaw: 'git status --porcelain --ignored "F:/projects/freeflightproject/Content/Blueprints/testmax.uasset"'
[2015.04.11-12.52.25:724][827]LogSourceControl: RunCommandInternalRaw: ExecProcess ReturnCode=0 OutResults=''
[2015.04.11-12.52.25:882][827]Cmd: OBJ SAVEPACKAGE PACKAGE="/Game/Blueprints/testmax" FILE="../../../../../../projects/freeflightproject/Content/Blueprints/testmax.uasset" SILENT=true
[2015.04.11-12.52.25:978][827]LogSavePackage: Save=63.411259ms
[2015.04.11-12.52.25:978][827]LogSavePackage: Moving '../../../../../../projects/freeflightproject/Saved/testmaxCC275689480373B89CD7048CD4BFE7F2.tmp' to '../../../../../../projects/freeflightproject/Content/Blueprints/testmax.uasset'
[2015.04.11-12.52.26:011][827]LogSourceControl: RunCommandInternalRaw: 'git add "F:/projects/freeflightproject/Content/Blueprints/testmax.uasset"'
[2015.04.11-12.52.26:045][827]LogSourceControl: RunCommandInternalRaw: ExecProcess ReturnCode=0 OutResults=''
[2015.04.11-12.52.26:045][827]LogSourceControl: RunCommandInternalRaw: 'git status --porcelain --ignored "F:/projects/freeflightproject/Content/Blueprints/testmax.uasset"'
[2015.04.11-12.52.26:067][827]LogSourceControl: RunCommandInternalRaw: ExecProcess ReturnCode=0 OutResults='A  Content/Blueprints/testmax.uasset
'
[2015.04.11-12.52.26:127][827]LogSourceControl: RunCommandInternalRaw: 'git add "F:/projects/freeflightproject/Content/Blueprints/testmax.uasset"'
[2015.04.11-12.52.26:138][827]LogSourceControl: RunCommandInternalRaw: ExecProcess ReturnCode=0 OutResults=''
[2015.04.11-12.52.26:138][827]LogSourceControl: RunCommandInternalRaw: 'git status --porcelain --ignored "F:/projects/freeflightproject/Content/Blueprints/testmax.uasset"'
[2015.04.11-12.52.26:149][827]LogSourceControl: RunCommandInternalRaw: ExecProcess ReturnCode=0 OutResults='A  Content/Blueprints/testmax.uasset
'
[2015.04.11-12.52.26:169][828]LogSourceControl: RunCommandInternalRaw: 'git status --porcelain --ignored "F:/projects/freeflightproject/Content/Blueprints/testmax.uasset"'
[2015.04.11-12.52.26:193][831]LogSourceControl: RunCommandInternalRaw: ExecProcess ReturnCode=0 OutResults='A  Content/Blueprints/testmax.uasset
'
[2015.04.11-12.52.28:193][ 70]LogContentBrowser:Verbose: The content browser source was changed by the sources view to '/Game'
[2015.04.11-12.52.30:893][387]LogContentBrowser:Verbose: The content browser source was changed by the sources view to '/Game/Blueprints'
[2015.04.11-12.52.31:944][502]LogSourceControl: RunCommandInternalRaw: 'git status --porcelain --ignored "F:/projects/freeflightproject/Content/Blueprints/Test_Commit_Blueprint.uasset" "F:/projects/freeflightproject/Content/Blueprints/testmax.uasset"'
[2015.04.11-12.52.31:953][503]LogSourceControl: RunCommandInternalRaw: ExecProcess ReturnCode=0 OutResults='A  Content/Blueprints/testmax.uasset
'
[2015.04.11-12.52.33:930][731]LogSourceControl: RunCommandInternalRaw: 'git status --porcelain --ignored "F:/projects/freeflightproject/Content/Blueprints/testmax.uasset"'
[2015.04.11-12.52.33:943][731]LogSourceControl: RunCommandInternalRaw: ExecProcess ReturnCode=0 OutResults='A  Content/Blueprints/testmax.uasset
'
[2015.04.11-12.52.50:347][731]LogSourceControl: RunCommandInternalRaw: 'git status --porcelain --ignored "F:/projects/freeflightproject/Content/Blueprints/testmax.uasset"'
[2015.04.11-12.52.50:359][731]LogSourceControl: RunCommandInternalRaw: ExecProcess ReturnCode=0 OutResults='A  Content/Blueprints/testmax.uasset
'
[2015.04.11-12.52.50:417][731]LogSourceControl: RunCommandInternalRaw: 'git commit --file="F:/projects/freeflightproject/Saved/Logs/Git-TempEB638AA84316276742230F88C6570F9B.txt" "F:/projects/freeflightproject/Content/Blueprints/testmax.uasset"'
[2015.04.11-12.52.50:550][731]LogSourceControl: RunCommandInternalRaw: ExecProcess ReturnCode=0 OutResults='[master 799ef30] testmax
 1 file changed, 0 insertions(+), 0 deletions(-)
 create mode 100644 Content/Blueprints/testmax.uasset
'
[2015.04.11-12.52.50:550][731]LogSourceControl: FGitCheckInWorker: commit successful
[2015.04.11-12.52.50:550][731]LogSourceControl: RunCommandInternalRaw: 'git status --porcelain --ignored "F:/projects/freeflightproject/Content/Blueprints/testmax.uasset"'
[2015.04.11-12.52.50:572][731]LogSourceControl: RunCommandInternalRaw: ExecProcess ReturnCode=0 OutResults=''
[2015.04.11-12.52.50:572][731]SourceControl: Info [master 799ef30] testmax
[2015.04.11-12.52.50:572][731]SourceControl: Info  1 file changed, 0 insertions(+), 0 deletions(-)
[2015.04.11-12.52.50:572][731]SourceControl: Info  create mode 100644 Content/Blueprints/testmax.uasset
[2015.04.11-12.52.50:576][731]SourceControl: Info Commited [master 799ef30] testmax.
[2015.04.11-12.52.59:703][789]LogContentBrowser:Verbose: The content browser source was changed by the sources view to '/Game'
[2015.04.11-12.53.02:049][ 65]LogContentBrowser:Verbose: The content browser source was changed by the sources view to '/Game/Blueprints'
[2015.04.11-12.53.03:060][179]LogSourceControl: RunCommandInternalRaw: 'git status --porcelain --ignored "F:/projects/freeflightproject/Content/Blueprints/Test_Commit_Blueprint.uasset